<?xml version="1.0" encoding="UTF-8"?>
<!-- Generated by org.testng.reporters.JUnitXMLReporter -->
<testsuite ignored="0" hostname="DESKTOP-0N88LAP" failures="0" tests="5" name="Amazon Functional Test" time="156.029" errors="0" timestamp="2021-03-09T13:22:52 IST">
  <testcase classname="com.qa.tests.TC_Amazon_002" name="registrationPage" time="30.529"/>
  <testcase classname="com.qa.tests.TC_Amazon_001" name="searchItem" time="46.321"/>
  <testcase classname="com.qa.tests.TC_Amazon_003" name="amazonCareers" time="52.581"/>
  <testcase classname="com.qa.tests.TC_Amazon_001" name="searchItem" time="13.44"/>
  <testcase classname="com.qa.tests.TC_Amazon_001" name="searchItem" time="9.426"/>
</testsuite> <!-- Amazon Functional Test -->
