<?xml version="1.0" encoding="UTF-8"?>
<!-- Generated by org.testng.reporters.JUnitXMLReporter -->
<testsuite ignored="0" hostname="DESKTOP-0N88LAP" failures="0" tests="3" name="Amazon Functional Test 1" time="166.654" errors="0" timestamp="2021-03-09T13:34:26 IST">
  <testcase classname="com.qa.tests.TC_Amazon_001" name="searchItem" time="63.825"/>
  <testcase classname="com.qa.tests.TC_Amazon_001" name="searchItem" time="16.216"/>
  <testcase classname="com.qa.tests.TC_Amazon_001" name="searchItem" time="11.186"/>
</testsuite> <!-- Amazon Functional Test 1 -->
