<?xml version="1.0" encoding="UTF-8"?>
<testng-results ignored="0" total="5" passed="4" failed="1" skipped="0">
  <reporter-output>
    <line>
      <![CDATA[Careers]]>
    </line>
  </reporter-output>
  <suite started-at="2021-03-09T13:31:39 IST" name="Test Automation" finished-at="2021-03-09T13:34:26 IST" duration-ms="166654">
    <groups>
    </groups>
    <test started-at="2021-03-09T13:31:39 IST" name="Amazon Functional Test 2" finished-at="2021-03-09T13:33:43 IST" duration-ms="123947">
      <class name="com.qa.tests.TC_Amazon_002">
        <test-method is-config="true" signature="setUp(java.lang.String)[pri:0, instance:com.qa.tests.TC_Amazon_002@41e1e210]" started-at="2021-03-09T13:31:39 IST" name="setUp" finished-at="2021-03-09T13:32:59 IST" duration-ms="79748" status="PASS">
          <params>
            <param index="0">
              <value>
                <![CDATA[Firefox]]>
              </value>
            </param>
          </params>
          <reporter-output>
          </reporter-output>
        </test-method> <!-- setUp -->
        <test-method signature="registrationPage()[pri:0, instance:com.qa.tests.TC_Amazon_002@41e1e210]" started-at="2021-03-09T13:32:59 IST" name="registrationPage" finished-at="2021-03-09T13:33:23 IST" duration-ms="23424" status="FAIL">
          <exception class="org.openqa.selenium.NoSuchElementException">
            <message>
              <![CDATA[Unable to locate element: Start here.
For documentation on this error, please visit: https://www.seleniumhq.org/exceptions/no_such_element.html
Build info: version: '3.141.59', revision: 'e82be7d358', time: '2018-11-14T08:25:48'
System info: host: 'DESKTOP-0N88LAP', ip: '192.168.29.62', os.name: 'Windows 10', os.arch: 'amd64', os.version: '10.0', java.version: '15.0.1'
Driver info: org.openqa.selenium.firefox.FirefoxDriver
Capabilities {acceptInsecureCerts: true, browserName: firefox, browserVersion: 86.0, javascriptEnabled: true, moz:accessibilityChecks: false, moz:buildID: 20210222142601, moz:geckodriverVersion: 0.29.0, moz:headless: false, moz:processID: 6392, moz:profile: C:\Users\USER\AppData\Local..., moz:shutdownTimeout: 60000, moz:useNonSpecCompliantPointerOrigin: false, moz:webdriverClick: true, pageLoadStrategy: normal, platform: WINDOWS, platformName: WINDOWS, platformVersion: 10.0, rotatable: false, setWindowRect: true, strictFileInteractability: false, timeouts: {implicit: 0, pageLoad: 300000, script: 30000}, unhandledPromptBehavior: dismiss and notify}
Session ID: d9eb9a3c-df90-46f0-bae0-29185b585496
*** Element info: {Using=link text, value=Start here.}]]>
            </message>
            <full-stacktrace>
              <![CDATA[org.openqa.selenium.NoSuchElementException: Unable to locate element: Start here.
For documentation on this error, please visit: https://www.seleniumhq.org/exceptions/no_such_element.html
Build info: version: '3.141.59', revision: 'e82be7d358', time: '2018-11-14T08:25:48'
System info: host: 'DESKTOP-0N88LAP', ip: '192.168.29.62', os.name: 'Windows 10', os.arch: 'amd64', os.version: '10.0', java.version: '15.0.1'
Driver info: org.openqa.selenium.firefox.FirefoxDriver
Capabilities {acceptInsecureCerts: true, browserName: firefox, browserVersion: 86.0, javascriptEnabled: true, moz:accessibilityChecks: false, moz:buildID: 20210222142601, moz:geckodriverVersion: 0.29.0, moz:headless: false, moz:processID: 6392, moz:profile: C:\Users\USER\AppData\Local..., moz:shutdownTimeout: 60000, moz:useNonSpecCompliantPointerOrigin: false, moz:webdriverClick: true, pageLoadStrategy: normal, platform: WINDOWS, platformName: WINDOWS, platformVersion: 10.0, rotatable: false, setWindowRect: true, strictFileInteractability: false, timeouts: {implicit: 0, pageLoad: 300000, script: 30000}, unhandledPromptBehavior: dismiss and notify}
Session ID: d9eb9a3c-df90-46f0-bae0-29185b585496
*** Element info: {Using=link text, value=Start here.}
at java.base/jdk.internal.reflect.NativeConstructorAccessorImpl.newInstance0(Native Method)
at java.base/jdk.internal.reflect.NativeConstructorAccessorImpl.newInstance(NativeConstructorAccessorImpl.java:64)
at java.base/jdk.internal.reflect.DelegatingConstructorAccessorImpl.newInstance(DelegatingConstructorAccessorImpl.java:45)
at java.base/java.lang.reflect.Constructor.newInstanceWithCaller(Constructor.java:500)
at java.base/java.lang.reflect.Constructor.newInstance(Constructor.java:481)
at org.openqa.selenium.remote.http.W3CHttpResponseCodec.createException(W3CHttpResponseCodec.java:187)
at org.openqa.selenium.remote.http.W3CHttpResponseCodec.decode(W3CHttpResponseCodec.java:122)
at org.openqa.selenium.remote.http.W3CHttpResponseCodec.decode(W3CHttpResponseCodec.java:49)
at org.openqa.selenium.remote.HttpCommandExecutor.execute(HttpCommandExecutor.java:158)
at org.openqa.selenium.remote.service.DriverCommandExecutor.execute(DriverCommandExecutor.java:83)
at org.openqa.selenium.remote.RemoteWebDriver.execute(RemoteWebDriver.java:552)
at org.openqa.selenium.remote.RemoteWebDriver.findElement(RemoteWebDriver.java:323)
at org.openqa.selenium.remote.RemoteWebDriver.findElementByLinkText(RemoteWebDriver.java:380)
at org.openqa.selenium.By$ByLinkText.findElement(By.java:220)
at org.openqa.selenium.remote.RemoteWebDriver.findElement(RemoteWebDriver.java:315)
at org.openqa.selenium.support.pagefactory.DefaultElementLocator.findElement(DefaultElementLocator.java:69)
at org.openqa.selenium.support.pagefactory.internal.LocatingElementHandler.invoke(LocatingElementHandler.java:38)
at com.sun.proxy.$Proxy14.click(Unknown Source)
at com.qa.Pages.AmazonPages.setstartHereLinkClick(AmazonPages.java:30)
at com.qa.tests.TC_Amazon_002.registrationPage(TC_Amazon_002.java:23)
at java.base/jdk.internal.reflect.NativeMethodAccessorImpl.invoke0(Native Method)
at java.base/jdk.internal.reflect.NativeMethodAccessorImpl.invoke(NativeMethodAccessorImpl.java:64)
at java.base/jdk.internal.reflect.DelegatingMethodAccessorImpl.invoke(DelegatingMethodAccessorImpl.java:43)
at java.base/java.lang.reflect.Method.invoke(Method.java:564)
at org.testng.internal.MethodInvocationHelper.invokeMethod(MethodInvocationHelper.java:132)
at org.testng.internal.TestInvoker.invokeMethod(TestInvoker.java:599)
at org.testng.internal.TestInvoker.invokeTestMethod(TestInvoker.java:174)
at org.testng.internal.MethodRunner.runInSequence(MethodRunner.java:46)
at org.testng.internal.TestInvoker$MethodInvocationAgent.invoke(TestInvoker.java:822)
at org.testng.internal.TestInvoker.invokeTestMethods(TestInvoker.java:147)
at org.testng.internal.TestMethodWorker.invokeTestMethods(TestMethodWorker.java:146)
at org.testng.internal.TestMethodWorker.run(TestMethodWorker.java:128)
at java.base/java.util.concurrent.ThreadPoolExecutor.runWorker(ThreadPoolExecutor.java:1130)
at java.base/java.util.concurrent.ThreadPoolExecutor$Worker.run(ThreadPoolExecutor.java:630)
at java.base/java.lang.Thread.run(Thread.java:832)
]]>
            </full-stacktrace>
          </exception> <!-- org.openqa.selenium.NoSuchElementException -->
          <reporter-output>
          </reporter-output>
        </test-method> <!-- registrationPage -->
        <test-method is-config="true" signature="tearDown()[pri:0, instance:com.qa.tests.TC_Amazon_002@41e1e210]" started-at="2021-03-09T13:33:23 IST" name="tearDown" finished-at="2021-03-09T13:33:43 IST" duration-ms="19516" status="PASS">
          <reporter-output>
          </reporter-output>
        </test-method> <!-- tearDown -->
      </class> <!-- com.qa.tests.TC_Amazon_002 -->
    </test> <!-- Amazon Functional Test 2 -->
    <test started-at="2021-03-09T13:31:39 IST" name="Amazon Functional Test 3" finished-at="2021-03-09T13:34:07 IST" duration-ms="147621">
      <class name="com.qa.tests.TC_Amazon_003">
        <test-method is-config="true" signature="setUp(java.lang.String)[pri:0, instance:com.qa.tests.TC_Amazon_003@120f102b]" started-at="2021-03-09T13:31:39 IST" name="setUp" finished-at="2021-03-09T13:32:49 IST" duration-ms="69895" status="PASS">
          <params>
            <param index="0">
              <value>
                <![CDATA[Chrome]]>
              </value>
            </param>
          </params>
          <reporter-output>
          </reporter-output>
        </test-method> <!-- setUp -->
        <test-method signature="amazonCareers()[pri:0, instance:com.qa.tests.TC_Amazon_003@120f102b]" started-at="2021-03-09T13:32:51 IST" name="amazonCareers" finished-at="2021-03-09T13:34:04 IST" duration-ms="73207" status="PASS">
          <reporter-output>
            <line>
              <![CDATA[Careers]]>
            </line>
          </reporter-output>
        </test-method> <!-- amazonCareers -->
        <test-method is-config="true" signature="tearDown()[pri:0, instance:com.qa.tests.TC_Amazon_003@120f102b]" started-at="2021-03-09T13:34:05 IST" name="tearDown" finished-at="2021-03-09T13:34:07 IST" duration-ms="1981" status="PASS">
          <reporter-output>
          </reporter-output>
        </test-method> <!-- tearDown -->
      </class> <!-- com.qa.tests.TC_Amazon_003 -->
    </test> <!-- Amazon Functional Test 3 -->
    <test started-at="2021-03-09T13:31:39 IST" name="Amazon Functional Test 1" finished-at="2021-03-09T13:34:26 IST" duration-ms="166654">
      <class name="com.qa.tests.TC_Amazon_001">
        <test-method is-config="true" signature="setUp(java.lang.String)[pri:0, instance:com.qa.tests.TC_Amazon_001@4da4253]" started-at="2021-03-09T13:31:39 IST" name="setUp" finished-at="2021-03-09T13:32:49 IST" duration-ms="69872" status="PASS">
          <params>
            <param index="0">
              <value>
                <![CDATA[edge]]>
              </value>
            </param>
          </params>
          <reporter-output>
          </reporter-output>
        </test-method> <!-- setUp -->
        <test-method signature="searchItem(java.lang.String, java.lang.String)[pri:0, instance:com.qa.tests.TC_Amazon_001@4da4253]" started-at="2021-03-09T13:32:51 IST" name="searchItem" data-provider="getData" finished-at="2021-03-09T13:33:55 IST" duration-ms="63825" status="PASS">
          <params>
            <param index="0">
              <value>
                <![CDATA[Books]]>
              </value>
            </param>
            <param index="1">
              <value>
                <![CDATA[Da vinci Code]]>
              </value>
            </param>
          </params>
          <reporter-output>
          </reporter-output>
        </test-method> <!-- searchItem -->
        <test-method signature="searchItem(java.lang.String, java.lang.String)[pri:0, instance:com.qa.tests.TC_Amazon_001@4da4253]" started-at="2021-03-09T13:33:55 IST" name="searchItem" data-provider="getData" finished-at="2021-03-09T13:34:11 IST" duration-ms="16216" status="PASS">
          <params>
            <param index="0">
              <value>
                <![CDATA[Electronics]]>
              </value>
            </param>
            <param index="1">
              <value>
                <![CDATA[Mobile phones]]>
              </value>
            </param>
          </params>
          <reporter-output>
          </reporter-output>
        </test-method> <!-- searchItem -->
        <test-method signature="searchItem(java.lang.String, java.lang.String)[pri:0, instance:com.qa.tests.TC_Amazon_001@4da4253]" started-at="2021-03-09T13:34:11 IST" name="searchItem" data-provider="getData" finished-at="2021-03-09T13:34:23 IST" duration-ms="11186" status="PASS">
          <params>
            <param index="0">
              <value>
                <![CDATA[Appliances]]>
              </value>
            </param>
            <param index="1">
              <value>
                <![CDATA[Fans]]>
              </value>
            </param>
          </params>
          <reporter-output>
          </reporter-output>
        </test-method> <!-- searchItem -->
        <test-method is-config="true" signature="tearDown()[pri:0, instance:com.qa.tests.TC_Amazon_001@4da4253]" started-at="2021-03-09T13:34:23 IST" name="tearDown" finished-at="2021-03-09T13:34:26 IST" duration-ms="2959" status="PASS">
          <reporter-output>
          </reporter-output>
        </test-method> <!-- tearDown -->
      </class> <!-- com.qa.tests.TC_Amazon_001 -->
    </test> <!-- Amazon Functional Test 1 -->
  </suite> <!-- Test Automation -->
</testng-results>
